<html>
<head>
<title>TestNG:  Default test</title>
<link href="../testng.css" rel="stylesheet" type="text/css" />
<link href="../my-testng.css" rel="stylesheet" type="text/css" />

<style type="text/css">
.log { display: none;} 
.stack-trace { display: none;} 
</style>
<script type="text/javascript">
<!--
function flip(e) {
  current = e.style.display;
  if (current == 'block') {
    e.style.display = 'none';
    return 0;
  }
  else {
    e.style.display = 'block';
    return 1;
  }
}

function toggleBox(szDivId, elem, msg1, msg2)
{
  var res = -1;  if (document.getElementById) {
    res = flip(document.getElementById(szDivId));
  }
  else if (document.all) {
    // this is the way old msie versions work
    res = flip(document.all[szDivId]);
  }
  if(elem) {
    if(res == 0) elem.innerHTML = msg1; else elem.innerHTML = msg2;
  }

}

function toggleAllBoxes() {
  if (document.getElementsByTagName) {
    d = document.getElementsByTagName('div');
    for (i = 0; i < d.length; i++) {
      if (d[i].className == 'log') {
        flip(d[i]);
      }
    }
  }
}

// -->
</script>

</head>
<body>
<h2 align='center'>Default test</h2><table border='1' align="center">
<tr>
<td>Tests passed/Failed/Skipped:</td><td>4/1/0</td>
</tr><tr>
<td>Started on:</td><td>Wed Oct 18 20:55:40 IST 2023</td>
</tr>
<tr><td>Total time:</td><td>121 seconds (121528 ms)</td>
</tr><tr>
<td>Included groups:</td><td></td>
</tr><tr>
<td>Excluded groups:</td><td></td>
</tr>
</table><p/>
<small><i>(Hover the method name to see the test class name)</i></small><p/>
<table width='100%' border='1' class='invocation-failed'>
<tr><td colspan='4' align='center'><b>FAILED TESTS</b></td></tr>
<tr><td><b>Test method</b></td>
<td><b>Attribute(s)</b></td>
<td width="30%"><b>Exception</b></td>
<td width="10%"><b>Time (seconds)</b></td>
<td><b>Instance</b></td>
</tr>
<tr>
<td title='appfeatures.MagnetoRunnerTest.runScenario()'><b>runScenario</b><br>Test class: appfeatures.MagnetoRunnerTest<br>Test method: Runs Cucumber Scenarios<br>Parameters: "Adding product to cart", "Adding product"</td>
<td><div><pre>org.openqa.selenium.TimeoutException: Expected condition failed: waiting for visibility of [[ChromeDriver: chrome on windows (6ade6fd5b030ba0c465801b4cb5f0d49)] -&gt; xpath: (//*[@class=&apos;messages&apos; ])[1]] (tried for 60 second(s) with 500 milliseconds interval)
Build info: version: &apos;4.14.0&apos;, revision: &apos;e5a96349ce&apos;
System info: os.name: &apos;Windows 10&apos;, os.arch: &apos;amd64&apos;, os.version: &apos;10.0&apos;, java.version: &apos;17.0.3&apos;
Driver info: org.openqa.selenium.chrome.ChromeDriver
Capabilities {acceptInsecureCerts: false, browserName: chrome, browserVersion: 118.0.5993.89, chrome: {chromedriverVersion: 118.0.5993.70 (e52f33f30b91..., userDataDir: C:\Users\DELL\AppData\Local...}, fedcm:accounts: true, goog:chromeOptions: {debuggerAddress: localhost:50429}, networkConnectionEnabled: false, pageLoadStrategy: normal, platformName: windows, proxy: Proxy(), se:cdp: ws://localhost:50429/devtoo..., se:cdpVersion: 118.0.5993.89, setWindowRect: true, strictFileInteractability: false, timeouts: {implicit: 0, pageLoad: 300000, script: 30000}, unhandledPromptBehavior: dismiss and notify, webauthn:extension:credBlob: true, webauthn:extension:largeBlob: true, webauthn:extension:minPinLength: true, webauthn:extension:prf: true, webauthn:virtualAuthenticators: true}
Session ID: 6ade6fd5b030ba0c465801b4cb5f0d49
	at org.openqa.selenium.support.ui.WebDriverWait.timeoutException(WebDriverWait.java:84)
	at org.openqa.selenium.support.ui.FluentWait.until(FluentWait.java:230)
	at pages.ProductPage.fetchMessage(ProductPage.java:82)
	at appfeatures.ProductSteps.i_should_see_product_added_confirmation(ProductSteps.java:49)
	at ?.I should see message contains &quot;shopping cart&quot;(file:///F:/Desktop/VimanNagar/May%2021/30SeptBDDCucumberBasics/src/test/resources/appfeatures/AddToCart.feature:13)
</pre></div><a href='#' onClick='toggleBox("stack-trace1788408659", this, "Click to show all stack frames", "Click to hide stack frames")'>Click to show all stack frames</a>
<div class='stack-trace' id='stack-trace1788408659'><pre>org.openqa.selenium.TimeoutException: Expected condition failed: waiting for visibility of [[ChromeDriver: chrome on windows (6ade6fd5b030ba0c465801b4cb5f0d49)] -&gt; xpath: (//*[@class=&apos;messages&apos; ])[1]] (tried for 60 second(s) with 500 milliseconds interval)
Build info: version: &apos;4.14.0&apos;, revision: &apos;e5a96349ce&apos;
System info: os.name: &apos;Windows 10&apos;, os.arch: &apos;amd64&apos;, os.version: &apos;10.0&apos;, java.version: &apos;17.0.3&apos;
Driver info: org.openqa.selenium.chrome.ChromeDriver
Capabilities {acceptInsecureCerts: false, browserName: chrome, browserVersion: 118.0.5993.89, chrome: {chromedriverVersion: 118.0.5993.70 (e52f33f30b91..., userDataDir: C:\Users\DELL\AppData\Local...}, fedcm:accounts: true, goog:chromeOptions: {debuggerAddress: localhost:50429}, networkConnectionEnabled: false, pageLoadStrategy: normal, platformName: windows, proxy: Proxy(), se:cdp: ws://localhost:50429/devtoo..., se:cdpVersion: 118.0.5993.89, setWindowRect: true, strictFileInteractability: false, timeouts: {implicit: 0, pageLoad: 300000, script: 30000}, unhandledPromptBehavior: dismiss and notify, webauthn:extension:credBlob: true, webauthn:extension:largeBlob: true, webauthn:extension:minPinLength: true, webauthn:extension:prf: true, webauthn:virtualAuthenticators: true}
Session ID: 6ade6fd5b030ba0c465801b4cb5f0d49
	at org.openqa.selenium.support.ui.WebDriverWait.timeoutException(WebDriverWait.java:84)
	at org.openqa.selenium.support.ui.FluentWait.until(FluentWait.java:230)
	at pages.ProductPage.fetchMessage(ProductPage.java:82)
	at appfeatures.ProductSteps.i_should_see_product_added_confirmation(ProductSteps.java:49)
	at ?.I should see message contains &quot;shopping cart&quot;(file:///F:/Desktop/VimanNagar/May%2021/30SeptBDDCucumberBasics/src/test/resources/appfeatures/AddToCart.feature:13)
</pre></div></td>
<td>74</td>
<td>appfeatures.MagnetoRunnerTest@18df8434</td></tr>
</table><p>
<table width='100%' border='1' class='invocation-passed'>
<tr><td colspan='4' align='center'><b>PASSED TESTS</b></td></tr>
<tr><td><b>Test method</b></td>
<td><b>Attribute(s)</b></td>
<td width="30%"><b>Exception</b></td>
<td width="10%"><b>Time (seconds)</b></td>
<td><b>Instance</b></td>
</tr>
<tr>
<td title='appfeatures.MagnetoRunnerTest.runScenario()'><b>runScenario</b><br>Test class: appfeatures.MagnetoRunnerTest<br>Test method: Runs Cucumber Scenarios<br>Parameters: "Validation of title of page", "Homepage functionality"</td>
<td></td>
<td>8</td>
<td>appfeatures.MagnetoRunnerTest@18df8434</td></tr>
<tr>
<td title='appfeatures.MagnetoRunnerTest.runScenario()'><b>runScenario</b><br>Test class: appfeatures.MagnetoRunnerTest<br>Test method: Runs Cucumber Scenarios<br>Parameters: "validation of signin link", "Homepage functionality"</td>
<td></td>
<td>7</td>
<td>appfeatures.MagnetoRunnerTest@18df8434</td></tr>
<tr>
<td title='appfeatures.MagnetoRunnerTest.runScenario()'><b>runScenario</b><br>Test class: appfeatures.MagnetoRunnerTest<br>Test method: Runs Cucumber Scenarios<br>Parameters: "search product", "Homepage functionality"</td>
<td></td>
<td>12</td>
<td>appfeatures.MagnetoRunnerTest@18df8434</td></tr>
<tr>
<td title='appfeatures.MagnetoRunnerTest.runScenario()'><b>runScenario</b><br>Test class: appfeatures.MagnetoRunnerTest<br>Test method: Runs Cucumber Scenarios<br>Parameters: "Selecting product type", "Adding product"</td>
<td></td>
<td>13</td>
<td>appfeatures.MagnetoRunnerTest@18df8434</td></tr>
</table><p>
</body>
</html>