<?xml version="1.0" encoding="UTF-8"?>
<!-- Generated by org.testng.reporters.JUnitReportReporter -->
<testsuite hostname="DESKTOP-5EVK54D" failures="0" tests="5" name="appfeatures.MagnetoRunnerTest" time="116.735" errors="1" timestamp="2023-10-18T20:57:43 IST" skipped="0">
  <testcase classname="appfeatures.MagnetoRunnerTest" name="runScenario" time="8.551"/>
  <system-out/>
  <testcase classname="appfeatures.MagnetoRunnerTest" name="runScenario" time="7.802"/>
  <system-out/>
  <testcase classname="appfeatures.MagnetoRunnerTest" name="runScenario" time="74.348">
    <error message="Expected condition failed: waiting for visibility of [[ChromeDriver: chrome on windows (6ade6fd5b030ba0c465801b4cb5f0d49)] -&gt; xpath: (//*[@class=&#039;messages&#039; ])[1]] (tried for 60 second(s) with 500 milliseconds interval)
Build info: version: &#039;4.14.0&#039;, revision: &#039;e5a96349ce&#039;
System info: os.name: &#039;Windows 10&#039;, os.arch: &#039;amd64&#039;, os.version: &#039;10.0&#039;, java.version: &#039;17.0.3&#039;
Driver info: org.openqa.selenium.chrome.ChromeDriver
Capabilities {acceptInsecureCerts: false, browserName: chrome, browserVersion: 118.0.5993.89, chrome: {chromedriverVersion: 118.0.5993.70 (e52f33f30b91..., userDataDir: C:\Users\DELL\AppData\Local...}, fedcm:accounts: true, goog:chromeOptions: {debuggerAddress: localhost:50429}, networkConnectionEnabled: false, pageLoadStrategy: normal, platformName: windows, proxy: Proxy(), se:cdp: ws://localhost:50429/devtoo..., se:cdpVersion: 118.0.5993.89, setWindowRect: true, strictFileInteractability: false, timeouts: {implicit: 0, pageLoad: 300000, script: 30000}, unhandledPromptBehavior: dismiss and notify, webauthn:extension:credBlob: true, webauthn:extension:largeBlob: true, webauthn:extension:minPinLength: true, webauthn:extension:prf: true, webauthn:virtualAuthenticators: true}
Session ID: 6ade6fd5b030ba0c465801b4cb5f0d49" type="org.openqa.selenium.TimeoutException">
      <![CDATA[org.openqa.selenium.TimeoutException: Expected condition failed: waiting for visibility of [[ChromeDriver: chrome on windows (6ade6fd5b030ba0c465801b4cb5f0d49)] -> xpath: (//*[@class='messages' ])[1]] (tried for 60 second(s) with 500 milliseconds interval)
Build info: version: '4.14.0', revision: 'e5a96349ce'
System info: os.name: 'Windows 10', os.arch: 'amd64', os.version: '10.0', java.version: '17.0.3'
Driver info: org.openqa.selenium.chrome.ChromeDriver
Capabilities {acceptInsecureCerts: false, browserName: chrome, browserVersion: 118.0.5993.89, chrome: {chromedriverVersion: 118.0.5993.70 (e52f33f30b91..., userDataDir: C:\Users\DELL\AppData\Local...}, fedcm:accounts: true, goog:chromeOptions: {debuggerAddress: localhost:50429}, networkConnectionEnabled: false, pageLoadStrategy: normal, platformName: windows, proxy: Proxy(), se:cdp: ws://localhost:50429/devtoo..., se:cdpVersion: 118.0.5993.89, setWindowRect: true, strictFileInteractability: false, timeouts: {implicit: 0, pageLoad: 300000, script: 30000}, unhandledPromptBehavior: dismiss and notify, webauthn:extension:credBlob: true, webauthn:extension:largeBlob: true, webauthn:extension:minPinLength: true, webauthn:extension:prf: true, webauthn:virtualAuthenticators: true}
Session ID: 6ade6fd5b030ba0c465801b4cb5f0d49
at org.openqa.selenium.support.ui.WebDriverWait.timeoutException(WebDriverWait.java:84)
at org.openqa.selenium.support.ui.FluentWait.until(FluentWait.java:230)
at pages.ProductPage.fetchMessage(ProductPage.java:82)
at appfeatures.ProductSteps.i_should_see_product_added_confirmation(ProductSteps.java:49)
at âœ½.I should see message contains "shopping cart"(file:///F:/Desktop/VimanNagar/May%2021/30SeptBDDCucumberBasics/src/test/resources/appfeatures/AddToCart.feature:13)
]]>
    </error>
  </testcase> <!-- runScenario -->
  <system-out/>
  <testcase classname="appfeatures.MagnetoRunnerTest" name="runScenario" time="12.357"/>
  <system-out/>
  <testcase classname="appfeatures.MagnetoRunnerTest" name="runScenario" time="13.677"/>
  <system-out/>
</testsuite> <!-- appfeatures.MagnetoRunnerTest -->
